<?xml version="1.0" encoding="UTF-8"?>
<!-- Generated by org.testng.reporters.JUnitReportReporter -->
<testsuite hostname="DESKTOP-5EFGKH9" failures="0" tests="1" name="runner.Sum" time="0.010" errors="0" timestamp="2024-06-06T13:46:41 IST" skipped="0">
  <testcase classname="runner.Sum" name="add" time="0.010"/>
  <system-out/>
</testsuite> <!-- runner.Sum -->
