<?xml version="1.0" encoding="UTF-8"?>
<!-- Generated by org.testng.reporters.JUnitReportReporter -->
<testsuite hostname="DESKTOP-5EFGKH9" failures="0" tests="1" name="runner.NormalRunner" time="14.139" errors="0" timestamp="2024-05-19T19:38:21 IST" skipped="0">
  <testcase classname="runner.NormalRunner" name="main" time="14.139"/>
  <system-out/>
</testsuite> <!-- runner.NormalRunner -->
