<?xml version="1.0" encoding="UTF-8"?>
<!-- Generated by org.testng.reporters.JUnitReportReporter -->
<testsuite hostname="DESKTOP-5EFGKH9" failures="0" tests="1" name="GFG_Maven.GFG_MAVEN.AuthenticatedPopUp" time="9.063" errors="0" timestamp="2024-05-16T21:30:59 IST" skipped="0">
  <testcase classname="GFG_Maven.GFG_MAVEN.AuthenticatedPopUp" name="main" time="9.063"/>
  <system-out/>
</testsuite> <!-- GFG_Maven.GFG_MAVEN.AuthenticatedPopUp -->
