<?xml version="1.0" encoding="UTF-8"?>
<!-- Generated by org.testng.reporters.JUnitReportReporter -->
<testsuite hostname="DESKTOP-5EFGKH9" failures="0" tests="3" name="runner.Annotations" time="0.010" errors="0" timestamp="2024-07-10T18:13:20 IST" skipped="1">
  <testcase classname="runner.Annotations" name="smokeTest2" time="0.001"/>
  <system-out/>
  <testcase classname="runner.Annotations" name="smokeTest1" time="0.009"/>
  <system-out/>
  <testcase classname="runner.Annotations" name="add">
    <skipped/>
  </testcase> <!-- add -->
  <system-out/>
</testsuite> <!-- runner.Annotations -->
