<?xml version="1.0" encoding="UTF-8"?>
<!-- Generated by org.testng.reporters.JUnitReportReporter -->
<testsuite hostname="DESKTOP-5EFGKH9" failures="0" tests="1" name="runner.Multiplication" time="0.001" errors="0" timestamp="2024-06-06T13:46:41 IST" skipped="0">
  <testcase classname="runner.Multiplication" name="multiply" time="0.001"/>
  <system-out/>
</testsuite> <!-- runner.Multiplication -->
