<?xml version="1.0" encoding="UTF-8"?>
<!-- Generated by org.testng.reporters.JUnitReportReporter -->
<testsuite hostname="DESKTOP-5EFGKH9" failures="0" tests="3" name="runner.AnnotationsDifferent" time="0.009" errors="0" timestamp="2024-08-01T15:21:25 IST" skipped="0">
  <testcase classname="runner.AnnotationsDifferent" name="testCase2" time="0.007"/>
  <system-out/>
  <testcase classname="runner.AnnotationsDifferent" name="testcase4" time="0.001"/>
  <system-out/>
  <testcase classname="runner.AnnotationsDifferent" name="testcase3" time="0.001"/>
  <system-out/>
</testsuite> <!-- runner.AnnotationsDifferent -->
