<?xml version="1.0" encoding="UTF-8"?>
<!-- Generated by org.testng.reporters.JUnitReportReporter -->
<testsuite hostname="DESKTOP-5EFGKH9" failures="0" tests="3" name="runner.Login" time="23.181" errors="0" timestamp="2024-06-08T16:59:52 IST" skipped="0">
  <testcase classname="runner.Login" name="launchBrowser" time="16.417"/>
  <system-out/>
  <testcase classname="runner.Login" name="openLoginPortal" time="0.227"/>
  <system-out/>
  <testcase classname="runner.Login" name="openContact" time="6.537"/>
  <system-out/>
</testsuite> <!-- runner.Login -->
