<?xml version="1.0" encoding="UTF-8"?>
<!-- Generated by org.testng.reporters.JUnitReportReporter -->
<testsuite hostname="DESKTOP-5EFGKH9" failures="0" tests="2" name="runner.AnnotationsWithSuite" time="0.002" errors="0" timestamp="2024-07-10T18:13:20 IST" skipped="0">
  <testcase classname="runner.AnnotationsWithSuite" name="smokeTest4" time="0.001"/>
  <system-out/>
  <testcase classname="runner.AnnotationsWithSuite" name="smokeTest3" time="0.001"/>
  <system-out/>
</testsuite> <!-- runner.AnnotationsWithSuite -->
